[1m[33m___________________________________________________________________________________________[0m[0m
[1m[33mWarnings[0m  [33m <<[0m [36mparrot_arsdk[0m:[34mcheck[0m [1m[33m/home/keelah/Documents/Dev/S8-FrameworkRobotique/TP_Bebop/bebop_ws/logs/parrot_arsdk/build.check.000.log[0m[0m
[0mCMake Deprecation Warning at CMakeLists.txt:1 (cmake_minimum_required):
  Compatibility with CMake < 2.8.12 will be removed from a future version of
  CMake.

  Update the VERSION argument <min> value or use a ...<max> suffix to tell
  CMake that the project does not need compatibility with older versions.

[0m
[33mCMake Warning (dev) at CMakeLists.txt:2 (project):
  Policy CMP0048 is not set: project() command manages VERSION variables.
  Run "cmake --help-policy CMP0048" for policy details.  Use the cmake_policy
  command to set the policy and suppress this warning.

  The following variable(s) would be set to empty:

    CMAKE_PROJECT_VERSION
    CMAKE_PROJECT_VERSION_MAJOR
    CMAKE_PROJECT_VERSION_MINOR
    CMAKE_PROJECT_VERSION_PATCH
This warning is for project developers.  Use -Wno-dev to suppress it.
[0m
[33mCMake Warning (dev) at /usr/share/cmake/Modules/ExternalProject.cmake:3091 (message):
  The DOWNLOAD_EXTRACT_TIMESTAMP option was not given and policy CMP0135 is
  not set.  The policy's OLD behavior will be used.  When using a URL
  download, the timestamps of extracted files should preferably be that of
  the time of extraction, otherwise code that depends on the extracted
  contents might not be rebuilt if the URL changes.  The OLD behavior
  preserves the timestamps from the archive instead, but this is usually not
  what you want.  Update your project to the NEW behavior or specify the
  DOWNLOAD_EXTRACT_TIMESTAMP option with a value of true to avoid this
  robustness issue.
[36mCall Stack (most recent call first):[0m
  /usr/share/cmake/Modules/ExternalProject.cmake:4208 (_ep_add_download_command)
  CMakeLists.txt:31 (ExternalProject_Add)
This warning is for project developers.  Use -Wno-dev to suppress it.
[0m
[1m[30mcd /home/keelah/Documents/Dev/S8-FrameworkRobotique/TP_Bebop/bebop_ws/build/parrot_arsdk; catkin build --get-env parrot_arsdk | catkin env -si  /usr/bin/make cmake_check_build_system; cd -[0m
[0m
[33m...........................................................................................[0m[0m
[1m[31m___________________________________________________________________________________________[0m[0m
[1m[31mErrors[0m    [31m <<[0m [36mparrot_arsdk[0m:[34mmake[0m [1m[31m/home/keelah/Documents/Dev/S8-FrameworkRobotique/TP_Bebop/bebop_ws/logs/parrot_arsdk/build.make.001.log[0m[0m
[I] Starting task 'build-sdk'
[I] In '/home/keelah/Documents/Dev/S8-FrameworkRobotique/TP_Bebop/bebop_ws/build/parrot_arsdk/arsdk/src/ARSDKBuildUtils': ALCHEMY_TARGET_CONFIG_DIR="/home/keelah/Documents/Dev/S8-FrameworkRobotique/TP_Bebop/bebop_ws/build/parrot_arsdk/arsdk/src/ARSDKBuildUtils/products/arsdk/native/config" ALCHEMY_TARGET_OUT="/home/keelah/Documents/Dev/S8-FrameworkRobotique/TP_Bebop/bebop_ws/build/parrot_arsdk/arsdk/src/ARSDKBuildUtils/out/arsdk-native" ALCHEMY_TARGET_PRODUCT="arsdk" ALCHEMY_TARGET_PRODUCT_VARIANT="native" ALCHEMY_TARGET_SCAN_ADD_DIRS=" /home/keelah/Documents/Dev/S8-FrameworkRobotique/TP_Bebop/bebop_ws/build/parrot_arsdk/arsdk/src/ARSDKBuildUtils/packages" ALCHEMY_TARGET_SCAN_PRUNE_DIRS=" /home/keelah/Documents/Dev/S8-FrameworkRobotique/TP_Bebop/bebop_ws/build/parrot_arsdk/arsdk/src/ARSDKBuildUtils" ALCHEMY_USE_COLORS="0" ALCHEMY_WORKSPACE_DIR="/home/keelah/Documents/Dev/S8-FrameworkRobotique/TP_Bebop/bebop_ws/build/parrot_arsdk/arsdk/src/ARSDKBuildUtils" PARROT_BUILD_PROP_GROUP="drones" PARROT_BUILD_PROP_PRODUCT="arsdk" PARROT_BUILD_PROP_PROJECT="arsdk" PARROT_BUILD_PROP_UID="arsdk-native-20230405-1146-0.0.0" PARROT_BUILD_PROP_VARIANT="native" PARROT_BUILD_PROP_VERSION="0.0.0" /home/keelah/Documents/Dev/S8-FrameworkRobotique/TP_Bebop/bebop_ws/build/parrot_arsdk/arsdk/src/ARSDKBuildUtils/build/alchemy/scripts/alchemake -j 16 all
[W] Not using job control
make[3]: warning: -j16 forced in submake: resetting jobserver mode.
Scanning /home/keelah/Documents/Dev/S8-FrameworkRobotique/TP_Bebop/bebop_ws/build/parrot_arsdk/arsdk/src/ARSDKBuildUtils/packages for makefiles...
egrep: warning: egrep is obsolescent; using grep -E
[01m[Klinkhash.c:[m[K In function '[01m[Khashlittle[m[K':
[01m[Klinkhash.c:379:15:[m[K [01;35m[Kwarning: [m[Kthis statement may fall through [[01;35m[K]8;;https://gcc.gnu.org/onlinedocs/gcc/Warning-Options.html#index-Wimplicit-fallthrough=-Wimplicit-fallthrough=]8;;[m[K]
  379 |     case 12: [01;35m[Kc+=((uint32_t)k[11])<<24[m[K;
      |              [01;35m[K~^~~~~~~~~~~~~~~~~~~~~~~[m[K
[01m[Klinkhash.c:380:5:[m[K [01;36m[Knote: [m[Khere
  380 |     [01;36m[Kcase[m[K 11: c+=((uint32_t)k[10])<<16;
      |     [01;36m[K^~~~[m[K
[01m[Klinkhash.c:380:15:[m[K [01;35m[Kwarning: [m[Kthis statement may fall through [[01;35m[K]8;;https://gcc.gnu.org/onlinedocs/gcc/Warning-Options.html#index-Wimplicit-fallthrough=-Wimplicit-fallthrough=]8;;[m[K]
  380 |     case 11: [01;35m[Kc+=((uint32_t)k[10])<<16[m[K;
      |              [01;35m[K~^~~~~~~~~~~~~~~~~~~~~~~[m[K
[01m[Klinkhash.c:381:5:[m[K [01;36m[Knote: [m[Khere
  381 |     [01;36m[Kcase[m[K 10: c+=((uint32_t)k[9])<<8;
      |     [01;36m[K^~~~[m[K
[01m[Klinkhash.c:381:15:[m[K [01;35m[Kwarning: [m[Kthis statement may fall through [[01;35m[K]8;;https://gcc.gnu.org/onlinedocs/gcc/Warning-Options.html#index-Wimplicit-fallthrough=-Wimplicit-fallthrough=]8;;[m[K]
  381 |     case 10: [01;35m[Kc+=((uint32_t)k[9])<<8[m[K;
      |              [01;35m[K~^~~~~~~~~~~~~~~~~~~~~[m[K
[01m[Klinkhash.c:382:5:[m[K [01;36m[Knote: [m[Khere
  382 |     [01;36m[Kcase[m[K 9 : c+=k[8];
      |     [01;36m[K^~~~[m[K
[01m[Klinkhash.c:382:15:[m[K [01;35m[Kwarning: [m[Kthis statement may fall through [[01;35m[K]8;;https://gcc.gnu.org/onlinedocs/gcc/Warning-Options.html#index-Wimplicit-fallthrough=-Wimplicit-fallthrough=]8;;[m[K]
  382 |     case 9 : [01;35m[Kc+=k[8][m[K;
      |              [01;35m[K~^~~~~~[m[K
[01m[Klinkhash.c:383:5:[m[K [01;36m[Knote: [m[Khere
  383 |     [01;36m[Kcase[m[K 8 : b+=((uint32_t)k[7])<<24;
      |     [01;36m[K^~~~[m[K
[01m[Klinkhash.c:383:15:[m[K [01;35m[Kwarning: [m[Kthis statement may fall through [[01;35m[K]8;;https://gcc.gnu.org/onlinedocs/gcc/Warning-Options.html#index-Wimplicit-fallthrough=-Wimplicit-fallthrough=]8;;[m[K]
  383 |     case 8 : [01;35m[Kb+=((uint32_t)k[7])<<24[m[K;
      |              [01;35m[K~^~~~~~~~~~~~~~~~~~~~~~[m[K
[01m[Klinkhash.c:384:5:[m[K [01;36m[Knote: [m[Khere
  384 |     [01;36m[Kcase[m[K 7 : b+=((uint32_t)k[6])<<16;
      |     [01;36m[K^~~~[m[K
[01m[Klinkhash.c:384:15:[m[K [01;35m[Kwarning: [m[Kthis statement may fall through [[01;35m[K]8;;https://gcc.gnu.org/onlinedocs/gcc/Warning-Options.html#index-Wimplicit-fallthrough=-Wimplicit-fallthrough=]8;;[m[K]
  384 |     case 7 : [01;35m[Kb+=((uint32_t)k[6])<<16[m[K;
      |              [01;35m[K~^~~~~~~~~~~~~~~~~~~~~~[m[K
[01m[Klinkhash.c:385:5:[m[K [01;36m[Knote: [m[Khere
  385 |     [01;36m[Kcase[m[K 6 : b+=((uint32_t)k[5])<<8;
      |     [01;36m[K^~~~[m[K
[01m[Klinkhash.c:385:15:[m[K [01;35m[Kwarning: [m[Kthis statement may fall through [[01;35m[K]8;;https://gcc.gnu.org/onlinedocs/gcc/Warning-Options.html#index-Wimplicit-fallthrough=-Wimplicit-fallthrough=]8;;[m[K]
  385 |     case 6 : [01;35m[Kb+=((uint32_t)k[5])<<8[m[K;
      |              [01;35m[K~^~~~~~~~~~~~~~~~~~~~~[m[K
[01m[Klinkhash.c:386:5:[m[K [01;36m[Knote: [m[Khere
  386 |     [01;36m[Kcase[m[K 5 : b+=k[4];
      |     [01;36m[K^~~~[m[K
[01m[Klinkhash.c:386:15:[m[K [01;35m[Kwarning: [m[Kthis statement may fall through [[01;35m[K]8;;https://gcc.gnu.org/onlinedocs/gcc/Warning-Options.html#index-Wimplicit-fallthrough=-Wimplicit-fallthrough=]8;;[m[K]
  386 |     case 5 : [01;35m[Kb+=k[4][m[K;
      |              [01;35m[K~^~~~~~[m[K
[01m[Klinkhash.c:387:5:[m[K [01;36m[Knote: [m[Khere
  387 |     [01;36m[Kcase[m[K 4 : a+=((uint32_t)k[3])<<24;
      |     [01;36m[K^~~~[m[K
[01m[Klinkhash.c:387:15:[m[K [01;35m[Kwarning: [m[Kthis statement may fall through [[01;35m[K]8;;https://gcc.gnu.org/onlinedocs/gcc/Warning-Options.html#index-Wimplicit-fallthrough=-Wimplicit-fallthrough=]8;;[m[K]
  387 |     case 4 : [01;35m[Ka+=((uint32_t)k[3])<<24[m[K;
      |              [01;35m[K~^~~~~~~~~~~~~~~~~~~~~~[m[K
[01m[Klinkhash.c:388:5:[m[K [01;36m[Knote: [m[Khere
  388 |     [01;36m[Kcase[m[K 3 : a+=((uint32_t)k[2])<<16;
      |     [01;36m[K^~~~[m[K
[01m[Klinkhash.c:388:15:[m[K [01;35m[Kwarning: [m[Kthis statement may fall through [[01;35m[K]8;;https://gcc.gnu.org/onlinedocs/gcc/Warning-Options.html#index-Wimplicit-fallthrough=-Wimplicit-fallthrough=]8;;[m[K]
  388 |     case 3 : [01;35m[Ka+=((uint32_t)k[2])<<16[m[K;
      |              [01;35m[K~^~~~~~~~~~~~~~~~~~~~~~[m[K
[01m[Klinkhash.c:389:5:[m[K [01;36m[Knote: [m[Khere
  389 |     [01;36m[Kcase[m[K 2 : a+=((uint32_t)k[1])<<8;
      |     [01;36m[K^~~~[m[K
[01m[Klinkhash.c:389:15:[m[K [01;35m[Kwarning: [m[Kthis statement may fall through [[01;35m[K]8;;https://gcc.gnu.org/onlinedocs/gcc/Warning-Options.html#index-Wimplicit-fallthrough=-Wimplicit-fallthrough=]8;;[m[K]
  389 |     case 2 : [01;35m[Ka+=((uint32_t)k[1])<<8[m[K;
      |              [01;35m[K~^~~~~~~~~~~~~~~~~~~~~[m[K
[01m[Klinkhash.c:390:5:[m[K [01;36m[Knote: [m[Khere
  390 |     [01;36m[Kcase[m[K 1 : a+=k[0];
      |     [01;36m[K^~~~[m[K
Traceback (most recent call last):
  File "/usr/lib/python3.10/runpy.py", line 196, in _run_module_as_main
    return _run_code(code, main_globals, None,
  File "/usr/lib/python3.10/runpy.py", line 86, in _run_code
    exec(code, run_globals)
  File "/home/keelah/Documents/Dev/S8-FrameworkRobotique/TP_Bebop/bebop_ws/build/parrot_arsdk/arsdk/src/ARSDKBuildUtils/out/arsdk-native/staging-host/usr/lib/mavgen/pymavlink/tools/mavgen.py", line 30, in <module>
    mavgen.mavgen(args, args.definitions)
  File "/home/keelah/Documents/Dev/S8-FrameworkRobotique/TP_Bebop/bebop_ws/build/parrot_arsdk/arsdk/src/ARSDKBuildUtils/out/arsdk-native/staging-host/usr/lib/mavgen/pymavlink/generator/mavgen.py", line 78, in mavgen
    xml.append(mavparse.MAVXML(fname, opts.wire_protocol))
  File "/home/keelah/Documents/Dev/S8-FrameworkRobotique/TP_Bebop/bebop_ws/build/parrot_arsdk/arsdk/src/ARSDKBuildUtils/out/arsdk-native/staging-host/usr/lib/mavgen/pymavlink/generator/mavparse.py", line 357, in __init__
    m.crc_extra = message_checksum(m)
  File "/home/keelah/Documents/Dev/S8-FrameworkRobotique/TP_Bebop/bebop_ws/build/parrot_arsdk/arsdk/src/ARSDKBuildUtils/out/arsdk-native/staging-host/usr/lib/mavgen/pymavlink/generator/mavparse.py", line 384, in message_checksum
    crc.accumulate_str(msg.name + ' ')
  File "/home/keelah/Documents/Dev/S8-FrameworkRobotique/TP_Bebop/bebop_ws/build/parrot_arsdk/arsdk/src/ARSDKBuildUtils/out/arsdk-native/staging-host/usr/lib/mavgen/pymavlink/generator/mavcrc.py", line 28, in accumulate_str
    bytes.fromstring(buf)
AttributeError: 'array.array' object has no attribute 'fromstring'
make[3]: *** [/home/keelah/Documents/Dev/S8-FrameworkRobotique/TP_Bebop/bebop_ws/build/parrot_arsdk/arsdk/src/ARSDKBuildUtils/build/alchemy/main.mk:306: /home/keelah/Documents/Dev/S8-FrameworkRobotique/TP_Bebop/bebop_ws/build/parrot_arsdk/arsdk/src/ARSDKBuildUtils/out/arsdk-native/build/libARMavlink/parrot.xml.done] Error 1
make[3]: *** Waiting for unfinished jobs....
[01m[Kjson_object.c:[m[K In function '[01m[Kjson_object_get_int64[m[K':
[01m[Kjson_object.c:554:12:[m[K [01;35m[Kwarning: [m[Kthis statement may fall through [[01;35m[K]8;;https://gcc.gnu.org/onlinedocs/gcc/Warning-Options.html#index-Wimplicit-fallthrough=-Wimplicit-fallthrough=]8;;[m[K]
  554 |         if [01;35m[K([m[Kjson_parse_int64(jso->o.c_string.str, &cint) == 0) return cint;
      |            [01;35m[K^[m[K
[01m[Kjson_object.c:555:3:[m[K [01;36m[Knote: [m[Khere
  555 |   [01;36m[Kdefault[m[K:
      |   [01;36m[K^~~~~~~[m[K
[01m[Kjson_tokener.c:[m[K In function '[01m[Kjson_tokener_parse_ex[m[K':
[01m[Kjson_tokener.c:303:12:[m[K [01;35m[Kwarning: [m[Kthis statement may fall through [[01;35m[K]8;;https://gcc.gnu.org/onlinedocs/gcc/Warning-Options.html#index-Wimplicit-fallthrough=-Wimplicit-fallthrough=]8;;[m[K]
  303 |         if [01;35m[K([m[Ktok->flags & JSON_TOKENER_STRICT) {
      |            [01;35m[K^[m[K
[01m[Kjson_tokener.c:308:7:[m[K [01;36m[Knote: [m[Khere
  308 |       [01;36m[Kcase[m[K '"':
      |       [01;36m[K^~~~[m[K
[01m[K/home/keelah/Documents/Dev/S8-FrameworkRobotique/TP_Bebop/bebop_ws/build/parrot_arsdk/arsdk/src/ARSDKBuildUtils/packages/libtar/lib/handle.c:50:35:[m[K [01;35m[Kwarning: [m[Kinitialization of â€˜[01m[Kintptr_t (*)(const char *, int, ...)[m[Kâ€™ {aka â€˜[01m[Klong int (*)(const char *, int, ...)[m[Kâ€™} from incompatible pointer type â€˜[01m[Kintptr_t (*)(const char *, int,  int)[m[Kâ€™ {aka â€˜[01m[Klong int (*)(const char *, int,  int)[m[Kâ€™} [[01;35m[K]8;;https://gcc.gnu.org/onlinedocs/gcc/Warning-Options.html#index-Wincompatible-pointer-types-Wincompatible-pointer-types]8;;[m[K]
   50 | static tartype_t default_type = { [01;35m[Ktar_openfunc[m[K, tar_closefunc,
      |                                   [01;35m[K^~~~~~~~~~~~[m[K
[01m[K/home/keelah/Documents/Dev/S8-FrameworkRobotique/TP_Bebop/bebop_ws/build/parrot_arsdk/arsdk/src/ARSDKBuildUtils/packages/libtar/lib/handle.c:50:35:[m[K [01;36m[Knote: [m[K(near initialization for â€˜[01m[Kdefault_type.openfunc[m[Kâ€™)
ar: `u' modifier ignored since `D' is the default (see `U')
ar: `u' modifier ignored since `D' is the default (see `U')
ar: `u' modifier ignored since `D' is the default (see `U')
ar: `u' modifier ignored since `D' is the default (see `U')
ar: `u' modifier ignored since `D' is the default (see `U')
In file included from [01m[K/usr/include/string.h:535[m[K,
                 from [01m[K../include/string.h:6[m[K,
                 from [01m[Kd1_both.c:118[m[K:
In function '[01m[Kmemcpy[m[K',
    inlined from '[01m[Kdtls1_retransmit_message[m[K' at [01m[Kd1_both.c:1276:3[m[K:
[01m[K/usr/include/bits/string_fortified.h:29:10:[m[K [01;35m[Kwarning: [m[K'[01m[K*(long unsigned int *)(&save_write_sequence[0])[m[K' may be used uninitialized [[01;35m[K]8;;https://gcc.gnu.org/onlinedocs/gcc/Warning-Options.html#index-Wmaybe-uninitialized-Wmaybe-uninitialized]8;;[m[K]
   29 |   return [01;35m[K__builtin___memcpy_chk (__dest, __src, __len,[m[K
      |          [01;35m[K^~~~~~~~~~~~~~~~~~~~~~~~~~~~~~~~~~~~~~~~~~~~~[m[K
   30 | [01;35m[K                                 __glibc_objsize0 (__dest))[m[K;
      |                                  [01;35m[K~~~~~~~~~~~~~~~~~~~~~~~~~~[m[K
[01m[Kd1_both.c:[m[K In function '[01m[Kdtls1_retransmit_message[m[K':
[01m[Kd1_both.c:1206:23:[m[K [01;36m[Knote: [m[K'[01m[K*(long unsigned int *)(&save_write_sequence[0])[m[K' was declared here
 1206 |         unsigned char [01;36m[Ksave_write_sequence[m[K[8];
      |                       [01;36m[K^~~~~~~~~~~~~~~~~~~[m[K
In file included from [01m[K/usr/include/string.h:535[m[K,
                 from [01m[K../include/string.h:6[m[K,
                 from [01m[Kssl_locl.h:150[m[K,
                 from [01m[Ks3_cbc.c:56[m[K:
In function '[01m[Kmemcpy[m[K',
    inlined from '[01m[Kssl3_cbc_digest_record[m[K' at [01m[Ks3_cbc.c:584:3[m[K:
[01m[K/usr/include/bits/string_fortified.h:29:10:[m[K [01;35m[Kwarning: [m[K'[01m[K__builtin___memcpy_chk[m[K' forming offset 128 is out of the bounds [0, 128] of object '[01m[Khmac_pad[m[K' with type '[01m[Kunsigned char[128][m[K' [[01;35m[K]8;;https://gcc.gnu.org/onlinedocs/gcc/Warning-Options.html#index-Warray-bounds-Warray-bounds]8;;[m[K]
   29 |   return [01;35m[K__builtin___memcpy_chk (__dest, __src, __len,[m[K
      |          [01;35m[K^~~~~~~~~~~~~~~~~~~~~~~~~~~~~~~~~~~~~~~~~~~~~[m[K
   30 | [01;35m[K                                 __glibc_objsize0 (__dest))[m[K;
      |                                  [01;35m[K~~~~~~~~~~~~~~~~~~~~~~~~~~[m[K
[01m[Ks3_cbc.c:[m[K In function '[01m[Kssl3_cbc_digest_record[m[K':
[01m[Ks3_cbc.c:438:23:[m[K [01;36m[Knote: [m[K'[01m[Khmac_pad[m[K' declared here
  438 |         unsigned char [01;36m[Khmac_pad[m[K[MAX_HASH_BLOCK_SIZE];
      |                       [01;36m[K^~~~~~~~[m[K
In function '[01m[Kmemcpy[m[K',
    inlined from '[01m[Kssl3_cbc_digest_record[m[K' at [01m[Ks3_cbc.c:613:4[m[K:
[01m[K/usr/include/bits/string_fortified.h:29:10:[m[K [01;35m[Kwarning: [m[K'[01m[K__builtin___memcpy_chk[m[K' offset [64, 128] is out of the bounds [0, 13] [[01;35m[K]8;;https://gcc.gnu.org/onlinedocs/gcc/Warning-Options.html#index-Warray-bounds-Warray-bounds]8;;[m[K]
   29 |   return [01;35m[K__builtin___memcpy_chk (__dest, __src, __len,[m[K
      |          [01;35m[K^~~~~~~~~~~~~~~~~~~~~~~~~~~~~~~~~~~~~~~~~~~~~[m[K
   30 | [01;35m[K                                 __glibc_objsize0 (__dest))[m[K;
      |                                  [01;35m[K~~~~~~~~~~~~~~~~~~~~~~~~~~[m[K
ar: `u' modifier ignored since `D' is the default (see `U')
ar: `u' modifier ignored since `D' is the default (see `U')
[E] Task 'build-sdk' failed (Command failed (returncode=2))
make[2]: *** [CMakeFiles/ARSDKBuildUtils.dir/build.make:86: arsdk/src/ARSDKBuildUtils-stamp/ARSDKBuildUtils-build] Error 1
make[1]: *** [CMakeFiles/Makefile2:309: CMakeFiles/ARSDKBuildUtils.dir/all] Error 2
make: *** [Makefile:146: all] Error 2
[1m[30mcd /home/keelah/Documents/Dev/S8-FrameworkRobotique/TP_Bebop/bebop_ws/build/parrot_arsdk; catkin build --get-env parrot_arsdk | catkin env -si  /usr/bin/make --jobserver-auth=6,7; cd -[0m
[0m
[31m...........................................................................................[0m[0m
[1m[31mFailed[0m    [31m <<[0m [36mparrot_arsdk[0m:[34mmake                     [0m[ [33mExited with code [1m[33m2[0m ][0m                 
